openGLpractice/app/build/intermediates/manifest_merge_blame_file/debug/manifest-merger-blame-debug-report.txt
1<?xml version="1.0" encoding="utf-8"?>
2<manifest xmlns:android="http://schemas.android.com/apk/res/android"
3    package="com.example.openglpractice"
4    android:versionCode="1"
5    android:versionName="1.0" >
6
7    <uses-sdk
8        android:minSdkVersion="19"
8-->src\main\AndroidManifest.xml
9        android:targetSdkVersion="29" />
9-->src\main\AndroidManifest.xml
10
11    <uses-feature
11-->src\main\AndroidManifest.xml:5:5-78
12        android:glEsVersion="0x00020000"
12-->src\main\AndroidManifest.xml:5:19-51
13        android:required="true" />
13-->src\main\AndroidManifest.xml:5:52-75
14
15    <supports-gl-texture android:name="GL_OES_compressed_ETC1_RGB8_texture" />
15-->src\main\AndroidManifest.xml:6:5-79
15-->src\main\AndroidManifest.xml:6:26-76
16    <supports-gl-texture android:name="GL_OES_compressed_paletted_texture" />
16-->src\main\AndroidManifest.xml:7:5-78
16-->src\main\AndroidManifest.xml:7:26-75
17
18    <application
18-->src\main\AndroidManifest.xml:8:5-29:19
19        android:name="com.example.openglpractice.TowerDefApplication"
19-->src\main\AndroidManifest.xml:15:9-44
20        android:allowBackup="true"
20-->src\main\AndroidManifest.xml:9:9-35
21        android:appComponentFactory="androidx.core.app.CoreComponentFactory"
21-->[androidx.core:core:1.3.2] AndroidManifest.xml:24:18-86
22        android:debuggable="true"
23        android:icon="@mipmap/ic_launcher"
23-->src\main\AndroidManifest.xml:10:9-43
24        android:label="@string/app_name"
24-->src\main\AndroidManifest.xml:11:9-41
25        android:roundIcon="@mipmap/ic_launcher_round"
25-->src\main\AndroidManifest.xml:12:9-54
26        android:supportsRtl="true"
26-->src\main\AndroidManifest.xml:13:9-35
27        android:testOnly="true"
28        android:theme="@style/Theme.OpenGLpractice" >
28-->src\main\AndroidManifest.xml:14:9-52
29        <activity
29-->src\main\AndroidManifest.xml:18:9-28:20
30            android:name="com.example.openglpractice.view.GameActivity"
30-->src\main\AndroidManifest.xml:19:13-46
31            android:label="@string/app_name"
31-->src\main\AndroidManifest.xml:21:13-45
32            android:screenOrientation="sensorLandscape"
32-->src\main\AndroidManifest.xml:20:13-56
33            android:theme="@style/Theme.OpenGLpractice.NoActionBar" >
33-->src\main\AndroidManifest.xml:22:13-68
34            <intent-filter>
34-->src\main\AndroidManifest.xml:23:13-27:29
35                <action android:name="android.intent.action.MAIN" />
35-->src\main\AndroidManifest.xml:24:17-69
35-->src\main\AndroidManifest.xml:24:25-66
36
37                <category android:name="android.intent.category.LAUNCHER" />
37-->src\main\AndroidManifest.xml:26:17-77
37-->src\main\AndroidManifest.xml:26:27-74
38            </intent-filter>
39        </activity>
40    </application>
41
42</manifest>